<?xml version="1.0" encoding="UTF-8" ?>
<testsuite failures="0" time="0.054" errors="0" skipped="0" tests="2" name="org.jbehave.core.reporters.TemplateableOutputBehaviour">
  <properties>
    <property name="IGNORE_FAILURE_IN_STORIES" value="true"/>
    <property name="java.runtime.name" value="Java(TM) SE Runtime Environment"/>
    <property name="VERBOSE_FAILURES" value="true"/>
    <property name="sun.boot.library.path" value="C:\Program Files\Java\jdk1.6.0_38\jre\bin"/>
    <property name="java.vm.version" value="20.13-b02"/>
    <property name="java.vm.vendor" value="Sun Microsystems Inc."/>
    <property name="java.vendor.url" value="http://java.sun.com/"/>
    <property name="path.separator" value=";"/>
    <property name="java.vm.name" value="Java HotSpot(TM) 64-Bit Server VM"/>
    <property name="file.encoding.pkg" value="sun.io"/>
    <property name="user.country" value="US"/>
    <property name="sun.java.launcher" value="SUN_STANDARD"/>
    <property name="sun.os.patch.level" value="Service Pack 1"/>
    <property name="java.vm.specification.name" value="Java Virtual Machine Specification"/>
    <property name="user.dir" value="D:\WorkSpace\MyGitHub\jbehave-core\jbehave-core"/>
    <property name="STORY_TIMEOUT_IN_SECS" value="500"/>
    <property name="GENERATE_VIEW_AFTER_STORIES" value="true"/>
    <property name="java.runtime.version" value="1.6.0_38-b05"/>
    <property name="java.awt.graphicsenv" value="sun.awt.Win32GraphicsEnvironment"/>
    <property name="first" value="one"/>
    <property name="basedir" value="D:\WorkSpace\MyGitHub\jbehave-core\jbehave-core"/>
    <property name="java.endorsed.dirs" value="C:\Program Files\Java\jdk1.6.0_38\jre\lib\endorsed"/>
    <property name="os.arch" value="amd64"/>
    <property name="surefire.real.class.path" value="D:\WorkSpace\MyGitHub\jbehave-core\jbehave-core\target\surefire\surefirebooter1467742673642338260.jar"/>
    <property name="BATCH" value="true"/>
    <property name="java.io.tmpdir" value="C:\Users\Vacto\AppData\Local\Temp\"/>
    <property name="line.separator" value="
"/>
    <property name="java.vm.specification.vendor" value="Sun Microsystems Inc."/>
    <property name="user.variant" value=""/>
    <property name="os.name" value="Windows 7"/>
    <property name="sun.jnu.encoding" value="Cp1252"/>
    <property name="java.library.path" value="C:\Program Files\Java\jdk1.6.0_38\jre\bin;C:\Windows\Sun\Java\bin;C:\Windows\system32;C:\Windows;%SystemRoot%\system32\WindowsPowerShell\v1.0\;C:\Program Files\Common Files\Microsoft Shared\Windows Live;C:\Program Files (x86)\Common Files\Microsoft Shared\Windows Live;C:\Windows\system32;C:\Windows;C:\Windows\System32\Wbem;C:\Windows\System32\WindowsPowerShell\v1.0\;C:\Program Files\Common Files\Lenovo;C:\Program Files (x86)\Common Files\Ulead Systems\MPEG;C:\Program Files (x86)\Windows Live\Shared;C:\Program Files (x86)\Symantec\VIP Access Client\;C:\SWTOOLS\ReadyApps;C:\Program Files (x86)\Common Files\Lenovo;C:\Program Files\Java\jdk1.6.0_38\bin;C:\Program Files (x86)\SlikSvn\bin;C:\Program Files (x86)\Git\cmd;;C:\Program Files (x86)\apache-maven-3.0.4\bin;C:\Program Files (x86)\apache-ant-1.8.4\bin;."/>
    <property name="surefire.test.class.path" value="D:\WorkSpace\MyGitHub\jbehave-core\jbehave-core\target\test-classes;D:\WorkSpace\MyGitHub\jbehave-core\jbehave-core\target\classes;C:\Users\Vacto\.m2\repository\junit\junit-dep\4.8.2\junit-dep-4.8.2.jar;C:\Users\Vacto\.m2\repository\org\hamcrest\hamcrest-core\1.1\hamcrest-core-1.1.jar;C:\Users\Vacto\.m2\repository\org\hamcrest\hamcrest-library\1.1\hamcrest-library-1.1.jar;C:\Users\Vacto\.m2\repository\org\hamcrest\hamcrest-integration\1.1\hamcrest-integration-1.1.jar;C:\Users\Vacto\.m2\repository\commons-collections\commons-collections\3.2.1\commons-collections-3.2.1.jar;C:\Users\Vacto\.m2\repository\commons-io\commons-io\1.4\commons-io-1.4.jar;C:\Users\Vacto\.m2\repository\commons-lang\commons-lang\2.5\commons-lang-2.5.jar;C:\Users\Vacto\.m2\repository\com\google\guava\guava\11.0.1\guava-11.0.1.jar;C:\Users\Vacto\.m2\repository\com\google\code\findbugs\jsr305\1.3.9\jsr305-1.3.9.jar;C:\Users\Vacto\.m2\repository\org\codehaus\groovy\groovy-all\1.8.6\groovy-all-1.8.6.jar;C:\Users\Vacto\.m2\repository\org\codehaus\plexus\plexus-utils\2.0.5\plexus-utils-2.0.5.jar;C:\Users\Vacto\.m2\repository\org\freemarker\freemarker\2.3.16\freemarker-2.3.16.jar;C:\Users\Vacto\.m2\repository\com\thoughtworks\paranamer\paranamer\2.4\paranamer-2.4.jar;C:\Users\Vacto\.m2\repository\com\thoughtworks\xstream\xstream\1.3.1\xstream-1.3.1.jar;C:\Users\Vacto\.m2\repository\xpp3\xpp3_min\1.1.4c\xpp3_min-1.1.4c.jar;C:\Users\Vacto\.m2\repository\javax\inject\javax.inject\1\javax.inject-1.jar;C:\Users\Vacto\.m2\repository\xmlunit\xmlunit\1.3\xmlunit-1.3.jar;C:\Users\Vacto\.m2\repository\org\mockito\mockito-all\1.9.0\mockito-all-1.9.0.jar;C:\Users\Vacto\.m2\repository\org\apache\maven\skins\maven-default-skin\1.0\maven-default-skin-1.0.jar;"/>
    <property name="java.class.version" value="50.0"/>
    <property name="java.specification.name" value="Java Platform API Specification"/>
    <property name="IGNORE_FAILURE_IN_VIEW" value="true"/>
    <property name="sun.management.compiler" value="HotSpot 64-Bit Tiered Compilers"/>
    <property name="os.version" value="6.1"/>
    <property name="second" value=""/>
    <property name="VERBOSE_FILTERING" value="true"/>
    <property name="user.home" value="C:\Users\Vacto"/>
    <property name="user.timezone" value="Asia/Shanghai"/>
    <property name="java.awt.printerjob" value="sun.awt.windows.WPrinterJob"/>
    <property name="java.specification.version" value="1.6"/>
    <property name="file.encoding" value="Cp1252"/>
    <property name="user.name" value="Vacto"/>
    <property name="java.class.path" value="D:\WorkSpace\MyGitHub\jbehave-core\jbehave-core\target\test-classes;D:\WorkSpace\MyGitHub\jbehave-core\jbehave-core\target\classes;C:\Users\Vacto\.m2\repository\junit\junit-dep\4.8.2\junit-dep-4.8.2.jar;C:\Users\Vacto\.m2\repository\org\hamcrest\hamcrest-core\1.1\hamcrest-core-1.1.jar;C:\Users\Vacto\.m2\repository\org\hamcrest\hamcrest-library\1.1\hamcrest-library-1.1.jar;C:\Users\Vacto\.m2\repository\org\hamcrest\hamcrest-integration\1.1\hamcrest-integration-1.1.jar;C:\Users\Vacto\.m2\repository\commons-collections\commons-collections\3.2.1\commons-collections-3.2.1.jar;C:\Users\Vacto\.m2\repository\commons-io\commons-io\1.4\commons-io-1.4.jar;C:\Users\Vacto\.m2\repository\commons-lang\commons-lang\2.5\commons-lang-2.5.jar;C:\Users\Vacto\.m2\repository\com\google\guava\guava\11.0.1\guava-11.0.1.jar;C:\Users\Vacto\.m2\repository\com\google\code\findbugs\jsr305\1.3.9\jsr305-1.3.9.jar;C:\Users\Vacto\.m2\repository\org\codehaus\groovy\groovy-all\1.8.6\groovy-all-1.8.6.jar;C:\Users\Vacto\.m2\repository\org\codehaus\plexus\plexus-utils\2.0.5\plexus-utils-2.0.5.jar;C:\Users\Vacto\.m2\repository\org\freemarker\freemarker\2.3.16\freemarker-2.3.16.jar;C:\Users\Vacto\.m2\repository\com\thoughtworks\paranamer\paranamer\2.4\paranamer-2.4.jar;C:\Users\Vacto\.m2\repository\com\thoughtworks\xstream\xstream\1.3.1\xstream-1.3.1.jar;C:\Users\Vacto\.m2\repository\xpp3\xpp3_min\1.1.4c\xpp3_min-1.1.4c.jar;C:\Users\Vacto\.m2\repository\javax\inject\javax.inject\1\javax.inject-1.jar;C:\Users\Vacto\.m2\repository\xmlunit\xmlunit\1.3\xmlunit-1.3.jar;C:\Users\Vacto\.m2\repository\org\mockito\mockito-all\1.9.0\mockito-all-1.9.0.jar;C:\Users\Vacto\.m2\repository\org\apache\maven\skins\maven-default-skin\1.0\maven-default-skin-1.0.jar;"/>
    <property name="THREADS" value="5"/>
    <property name="java.vm.specification.version" value="1.0"/>
    <property name="sun.arch.data.model" value="64"/>
    <property name="java.home" value="C:\Program Files\Java\jdk1.6.0_38\jre"/>
    <property name="sun.java.command" value="D:\WorkSpace\MyGitHub\jbehave-core\jbehave-core\target\surefire\surefirebooter1467742673642338260.jar D:\WorkSpace\MyGitHub\jbehave-core\jbehave-core\target\surefire\surefire9000659026527527918tmp D:\WorkSpace\MyGitHub\jbehave-core\jbehave-core\target\surefire\surefire8301453915411714202tmp"/>
    <property name="SKIP" value="true"/>
    <property name="java.specification.vendor" value="Sun Microsystems Inc."/>
    <property name="user.language" value="en"/>
    <property name="awt.toolkit" value="sun.awt.windows.WToolkit"/>
    <property name="java.vm.info" value="mixed mode"/>
    <property name="java.version" value="1.6.0_38"/>
    <property name="java.ext.dirs" value="C:\Program Files\Java\jdk1.6.0_38\jre\lib\ext;C:\Windows\Sun\Java\lib\ext"/>
    <property name="sun.boot.class.path" value="C:\Program Files\Java\jdk1.6.0_38\jre\lib\resources.jar;C:\Program Files\Java\jdk1.6.0_38\jre\lib\rt.jar;C:\Program Files\Java\jdk1.6.0_38\jre\lib\sunrsasign.jar;C:\Program Files\Java\jdk1.6.0_38\jre\lib\jsse.jar;C:\Program Files\Java\jdk1.6.0_38\jre\lib\jce.jar;C:\Program Files\Java\jdk1.6.0_38\jre\lib\charsets.jar;C:\Program Files\Java\jdk1.6.0_38\jre\lib\modules\jdk.boot.jar;C:\Program Files\Java\jdk1.6.0_38\jre\classes"/>
    <property name="java.vendor" value="Sun Microsystems Inc."/>
    <property name="localRepository" value="C:\Users\Vacto\.m2\repository"/>
    <property name="file.separator" value="\"/>
    <property name="java.vendor.url.bug" value="http://java.sun.com/cgi-bin/bugreport.cgi"/>
    <property name="sun.cpu.endian" value="little"/>
    <property name="sun.io.unicode.encoding" value="UnicodeLittle"/>
    <property name="sun.desktop" value="windows"/>
    <property name="sun.cpu.isalist" value="amd64"/>
  </properties>
  <testcase time="0.039" classname="org.jbehave.core.reporters.TemplateableOutputBehaviour" name="shouldReportEventsToHtmlOutput"/>
  <testcase time="0.014" classname="org.jbehave.core.reporters.TemplateableOutputBehaviour" name="shouldReportEventsToXmlOutput"/>
</testsuite>